<?xml version="1.0" encoding="UTF-8"?>
<!-- Generated by org.testng.reporters.JUnitXMLReporter -->
<testsuite ignored="0" hostname="Shreyanshs-MacBook-Pro.local" failures="0" tests="3" name="Default test" time="33.008" errors="0" timestamp="2021-09-13T13:14:45 IST">
  <testcase classname="com.swym.AddtoWishlist" name="tc01VerifyOpenURL" time="5.727"/>
  <testcase classname="com.swym.AddtoWishlist" name="tc02VerifyAddtoWishlist" time="7.207"/>
  <testcase classname="com.swym.AddtoWishlist" name="tc03VerifyShareWishlist" time="20.044"/>
</testsuite> <!-- Default test -->
