<?xml version="1.0" encoding="UTF-8"?>
<!-- Generated by org.testng.reporters.JUnitXMLReporter -->
<testsuite ignored="1" hostname="Shreyanshs-MacBook-Pro.local" failures="0" tests="1" name="Test" time="1.319" errors="0" timestamp="2021-09-13T11:53:43 IST">
  <testcase classname="com.swym.AddtoWishlist" name="tc01VerifyOpenURL" time="1.302"/>
  <testcase classname="com.swym.AddtoWishlist" name="tc02VerifyAddtoWishlist" time="0.0">
    <ignored/>
  </testcase> <!-- tc02VerifyAddtoWishlist -->
</testsuite> <!-- Test -->
