<?xml version="1.0" encoding="UTF-8"?>
<!-- Generated by org.testng.reporters.JUnitXMLReporter -->
<testsuite ignored="0" hostname="Shreyanshs-MacBook-Pro.local" failures="0" tests="3" name="Test" time="42.242" errors="0" timestamp="2021-09-13T13:21:34 IST">
  <testcase classname="com.swym.AddtoWishlist" name="tc01VerifyOpenURL" time="6.213"/>
  <testcase classname="com.swym.AddtoWishlist" name="tc02VerifyAddtoWishlist" time="7.707"/>
  <testcase classname="com.swym.AddtoWishlist" name="tc03VerifyShareWishlist" time="28.301"/>
</testsuite> <!-- Test -->
