<?xml version="1.0" encoding="UTF-8"?>
<testsuite xmlns:xsi="http://www.w3.org/2001/XMLSchema-instance" xsi:noNamespaceSchemaLocation="https://maven.apache.org/surefire/maven-surefire-plugin/xsd/surefire-test-report-3.0.xsd" version="3.0" name="TestSuite" time="44.981" tests="3" errors="0" skipped="0" failures="0">
  <properties>
[...]
</properties>
  <testcase name="tc01VerifyOpenURL" classname="com.swym.AddtoWishlist" time="6.205">
    <system-out><![CDATA[...
... TestNG 7.3.0 by CÃ©dric Beust (cedric@beust.com)
...

[DEBUG] 2021-09-13 13:20:51.197 [main] ResolutionCache - Resolution chrome=93 in cache (valid until 13:30:45 13/09/2021 IST)
[DEBUG] 2021-09-13 13:20:51.201 [main] ResolutionCache - Resolution chrome93=93.0.4577.63 in cache (valid until 11:27:55 14/09/2021 IST)
[INFO ] 2021-09-13 13:20:51.201 [main] WebDriverManager - Using chromedriver 93.0.4577.63 (resolved driver for Chrome 93)
[DEBUG] 2021-09-13 13:20:51.210 [main] WebDriverManager - Driver chromedriver 93.0.4577.63 found in cache
[INFO ] 2021-09-13 13:20:51.211 [main] WebDriverManager - Exporting webdriver.chrome.driver as /Users/shreyansh_casa/.cache/selenium/chromedriver/mac64/93.0.4577.63/chromedriver
[INFO ] 2021-09-13 13:20:52.339 [main] AddtoWishlist - Verify URL
[INFO ] 2021-09-13 13:20:58.538 [main] AddtoWishlist - Open URL
[INFO ] 2021-09-13 13:20:58.543 [main] AddtoWishlist - Swym Marketing
]]></system-out>
    <system-err><![CDATA[Starting ChromeDriver 93.0.4577.63 (ff5c0da2ec0adeaed5550e6c7e98417dac77d98a-refs/branch-heads/4577@{#1135}) on port 46501
Only local connections are allowed.
Please see https://chromedriver.chromium.org/security-considerations for suggestions on keeping ChromeDriver safe.
ChromeDriver was started successfully.
Sep 13, 2021 1:20:52 PM org.openqa.selenium.remote.ProtocolHandshake createSession
INFO: Detected dialect: W3C
]]></system-err>
  </testcase>
  <testcase name="tc02VerifyAddtoWishlist" classname="com.swym.AddtoWishlist" time="7.708">
    <system-out><![CDATA[[INFO ] 2021-09-13 13:20:58.547 [main] AddtoWishlist - Verify add to wishlist
[INFO ] 2021-09-13 13:21:05.030 [main] AddtoWishlist - Open URL
[INFO ] 2021-09-13 13:21:05.107 [main] AddtoWishlist - Added to Wishlist Email
]]></system-out>
  </testcase>
  <testcase name="tc03VerifyShareWishlist" classname="com.swym.AddtoWishlist" time="28.303">
    <system-out><![CDATA[[INFO ] 2021-09-13 13:21:06.254 [main] AddtoWishlist - Verify Share wishlist
[INFO ] 2021-09-13 13:21:11.851 [main] AddtoWishlist - Open URL
[INFO ] 2021-09-13 13:21:13.329 [main] AddtoWishlist - Login on site
[INFO ] 2021-09-13 13:21:13.436 [main] AddtoWishlist - Input Email
[INFO ] 2021-09-13 13:21:13.494 [main] AddtoWishlist - Input Password
[INFO ] 2021-09-13 13:21:13.597 [main] AddtoWishlist - Click Sigin
[INFO ] 2021-09-13 13:21:20.030 [main] AddtoWishlist - Open Wishlist URL
[INFO ] 2021-09-13 13:21:28.289 [main] AddtoWishlist - View WishList
[INFO ] 2021-09-13 13:21:33.389 [main] AddtoWishlist - Click Multiple Options
[INFO ] 2021-09-13 13:21:33.469 [main] AddtoWishlist - Click Share
[INFO ] 2021-09-13 13:21:33.543 [main] AddtoWishlist - Input Shared Email
[INFO ] 2021-09-13 13:21:33.631 [main] AddtoWishlist - Click Share Wishlist to Email
[INFO ] 2021-09-13 13:21:34.555 [main] AddtoWishlist - Verify Success Message
]]></system-out>
  </testcase>
</testsuite>