<?xml version="1.0" encoding="UTF-8"?>
<testng-results ignored="0" total="3" passed="3" failed="0" skipped="0">
  <reporter-output>
  </reporter-output>
  <suite started-at="2021-09-13T13:14:12 IST" name="Default suite" finished-at="2021-09-13T13:14:45 IST" duration-ms="33008">
    <groups>
    </groups>
    <test started-at="2021-09-13T13:14:12 IST" name="Default test" finished-at="2021-09-13T13:14:45 IST" duration-ms="33008">
      <class name="com.swym.AddtoWishlist">
        <test-method is-config="true" signature="setUp()[pri:0, instance:com.swym.AddtoWishlist@4f5991f6]" started-at="2021-09-13T13:14:10 IST" name="setUp" finished-at="2021-09-13T13:14:12 IST" duration-ms="1947" status="PASS">
          <reporter-output>
          </reporter-output>
        </test-method> <!-- setUp -->
        <test-method signature="tc01VerifyOpenURL()[pri:0, instance:com.swym.AddtoWishlist@4f5991f6]" started-at="2021-09-13T13:14:12 IST" name="tc01VerifyOpenURL" finished-at="2021-09-13T13:14:18 IST" duration-ms="5727" status="PASS">
          <reporter-output>
          </reporter-output>
        </test-method> <!-- tc01VerifyOpenURL -->
        <test-method is-config="true" signature="tearDown(org.testng.ITestResult)[pri:0, instance:com.swym.AddtoWishlist@4f5991f6]" started-at="2021-09-13T13:14:18 IST" name="tearDown" finished-at="2021-09-13T13:14:18 IST" duration-ms="1" status="PASS">
          <params>
            <param index="0">
              <value>
                <![CDATA[[TestResult name=tc01VerifyOpenURL status=SUCCESS method=AddtoWishlist.tc01VerifyOpenURL()[pri:0, instance:com.swym.AddtoWishlist@4f5991f6] output={null}]]]>
              </value>
            </param>
          </params>
          <reporter-output>
          </reporter-output>
        </test-method> <!-- tearDown -->
        <test-method signature="tc02VerifyAddtoWishlist()[pri:0, instance:com.swym.AddtoWishlist@4f5991f6]" started-at="2021-09-13T13:14:18 IST" name="tc02VerifyAddtoWishlist" finished-at="2021-09-13T13:14:25 IST" duration-ms="7207" status="PASS">
          <reporter-output>
          </reporter-output>
        </test-method> <!-- tc02VerifyAddtoWishlist -->
        <test-method is-config="true" signature="tearDown(org.testng.ITestResult)[pri:0, instance:com.swym.AddtoWishlist@4f5991f6]" started-at="2021-09-13T13:14:25 IST" name="tearDown" finished-at="2021-09-13T13:14:25 IST" duration-ms="0" status="PASS">
          <params>
            <param index="0">
              <value>
                <![CDATA[[TestResult name=tc02VerifyAddtoWishlist status=SUCCESS method=AddtoWishlist.tc02VerifyAddtoWishlist()[pri:0, instance:com.swym.AddtoWishlist@4f5991f6] output={null}]]]>
              </value>
            </param>
          </params>
          <reporter-output>
          </reporter-output>
        </test-method> <!-- tearDown -->
        <test-method signature="tc03VerifyShareWishlist()[pri:0, instance:com.swym.AddtoWishlist@4f5991f6]" started-at="2021-09-13T13:14:25 IST" name="tc03VerifyShareWishlist" finished-at="2021-09-13T13:14:45 IST" duration-ms="20044" status="PASS">
          <reporter-output>
          </reporter-output>
        </test-method> <!-- tc03VerifyShareWishlist -->
        <test-method is-config="true" signature="tearDown(org.testng.ITestResult)[pri:0, instance:com.swym.AddtoWishlist@4f5991f6]" started-at="2021-09-13T13:14:45 IST" name="tearDown" finished-at="2021-09-13T13:14:45 IST" duration-ms="1" status="PASS">
          <params>
            <param index="0">
              <value>
                <![CDATA[[TestResult name=tc03VerifyShareWishlist status=SUCCESS method=AddtoWishlist.tc03VerifyShareWishlist()[pri:0, instance:com.swym.AddtoWishlist@4f5991f6] output={null}]]]>
              </value>
            </param>
          </params>
          <reporter-output>
          </reporter-output>
        </test-method> <!-- tearDown -->
        <test-method is-config="true" signature="tearDown()[pri:0, instance:com.swym.AddtoWishlist@4f5991f6]" started-at="2021-09-13T13:14:45 IST" name="tearDown" finished-at="2021-09-13T13:14:45 IST" duration-ms="401" status="PASS">
          <reporter-output>
          </reporter-output>
        </test-method> <!-- tearDown -->
      </class> <!-- com.swym.AddtoWishlist -->
    </test> <!-- Default test -->
  </suite> <!-- Default suite -->
</testng-results>
